info it worked if it ends with ok
verbose cli [ 'D:\\Project\\NScreen2\\src\\koccalink\\win\\bin\\node\\\\node.exe',
verbose cli   'D:\\Project\\NScreen2\\src\\koccalink\\win\\bin\\node\\node_modules\\npm\\bin\\npm-cli.js',
verbose cli   'install',
verbose cli   'canvas' ]
info using npm@1.1.9
info using node@v0.8.14
verbose D:\Project\NScreen2\src\koccalink\win\bin\node\\node.exe node symlink
verbose config file C:\Users\krinteki\.npmrc
verbose config file D:\Project\NScreen2\src\koccalink\win\bin\node\etc\npmrc
verbose config file D:\Project\NScreen2\src\koccalink\win\bin\node\node_modules\npm\npmrc
verbose mkdir done: D:\Project\NScreen2\src\koccalink\win\bin\node 755
verbose mkdir done: D:\Project\NScreen2\src\koccalink\win\bin\node 755
verbose caching D:\Project\NScreen2\src\koccalink\win\bin\node\node_modules\dropbox\package.json
verbose caching D:\Project\NScreen2\src\koccalink\win\bin\node\node_modules\express\package.json
verbose caching D:\Project\NScreen2\src\koccalink\win\bin\node\node_modules\node-gyp\package.json
verbose caching D:\Project\NScreen2\src\koccalink\win\bin\node\node_modules\node-inspector\package.json
verbose caching D:\Project\NScreen2\src\koccalink\win\bin\node\node_modules\socket.io\package.json
verbose caching D:\Project\NScreen2\src\koccalink\win\bin\node\node_modules\xml2js\package.json
verbose caching D:\Project\NScreen2\src\koccalink\win\bin\node\node_modules\npm\package.json
verbose loadDefaults npm@1.1.9
verbose cache add [ 'canvas', null ]
silly cache add: name, spec, args [ undefined, 'canvas', [ 'canvas', null ] ]
verbose parsed url { pathname: 'canvas', path: 'canvas', href: 'canvas' }
verbose addNamed [ 'canvas', '' ]
verbose addNamed [ null, '' ]
silly name, range, hasData [ 'canvas', '', false ]
verbose raw, before any munging canvas
verbose url resolving [ 'https://registry.npmjs.org/', './canvas' ]
verbose url resolved https://registry.npmjs.org/canvas
verbose etag "BN5Z82M9FLGULPJ3Y88HWMXMS"
http GET https://registry.npmjs.org/canvas
http 304 https://registry.npmjs.org/canvas
silly get cb [ 304,
silly get cb   { server: 'CouchDB/1.2.0 (Erlang OTP/R15B)',
silly get cb     etag: '"BN5Z82M9FLGULPJ3Y88HWMXMS"',
silly get cb     date: 'Mon, 24 Dec 2012 07:04:10 GMT',
silly get cb     'content-length': '0' } ]
verbose etag canvas from cache
verbose mkdir done: C:\Users\krinteki\AppData\Roaming\npm-cache\canvas 755
silly name, range, hasData 2 [ 'canvas', '', true ]
silly versions [ 'canvas',
silly versions   [ '0.0.2',
silly versions     '0.0.3',
silly versions     '0.0.4',
silly versions     '0.0.5',
silly versions     '0.0.6',
silly versions     '0.0.7',
silly versions     '0.0.8',
silly versions     '0.1.0',
silly versions     '0.2.0',
silly versions     '0.2.1',
silly versions     '0.3.0',
silly versions     '0.3.1',
silly versions     '0.3.2',
silly versions     '0.3.3',
silly versions     '0.4.0',
silly versions     '0.4.1',
silly versions     '0.4.2',
silly versions     '0.4.3',
silly versions     '0.10.3',
silly versions     '0.11.0',
silly versions     '0.11.1',
silly versions     '0.11.2',
silly versions     '0.11.3',
silly versions     '0.12.0',
silly versions     '0.12.1',
silly versions     '0.13.0',
silly versions     '0.13.1' ] ]
verbose bin dist [ '0.8-ares1.7.5-DEV-evundefined-openssl1.0.0f-v83.11.10.25-win32-ia32-6.1.7601',
verbose bin dist   { shasum: '97d62dd8f18aa5e8c79496660625434e6785fcff',
verbose bin dist     tarball: 'http://registry.npmjs.org/canvas/-/canvas-0.13.1.tgz' } ]
verbose has bindings.gyp [ undefined,
verbose has bindings.gyp   { file: 'C:\\Users\\krinteki\\AppData\\Roaming\\npm-cache\\canvas\\0.13.1\\package\\package.json',
verbose has bindings.gyp     wscript: false,
verbose has bindings.gyp     contributors: false,
verbose has bindings.gyp     serverjs: false,
verbose has bindings.gyp     gypfile: true } ]
verbose caching C:\Users\krinteki\AppData\Roaming\npm-cache\canvas\0.13.1\package\package.json
verbose loadDefaults canvas@0.13.1
silly resolved [ { name: 'canvas',
silly resolved     description: 'Canvas graphics API backed by Cairo',
silly resolved     version: '0.13.1',
silly resolved     author: { name: 'TJ Holowaychuk', email: 'tj@learnboost.com' },
silly resolved     keywords: 
silly resolved      [ 'canvas',
silly resolved        'graphic',
silly resolved        'graphics',
silly resolved        'pixman',
silly resolved        'cairo',
silly resolved        'image',
silly resolved        'images',
silly resolved        'pdf' ],
silly resolved     homepage: 'https://github.com/learnboost/node-canvas',
silly resolved     repository: 
silly resolved      { type: 'git',
silly resolved        url: 'git://github.com/learnboost/node-canvas.git' },
silly resolved     scripts: { test: 'make test', install: 'node-gyp rebuild' },
silly resolved     devDependencies: 
silly resolved      { express: '>= 2.3.7 && < 3.0.0',
silly resolved        jade: '0.11.0',
silly resolved        mocha: '*',
silly resolved        should: '*' },
silly resolved     engines: { node: '>= 0.4.0' },
silly resolved     main: './lib/canvas.js',
silly resolved     _id: 'canvas@0.13.1',
silly resolved     dependencies: {},
silly resolved     optionalDependencies: {},
silly resolved     _engineSupported: true,
silly resolved     _npmVersion: '1.1.9',
silly resolved     _nodeVersion: 'v0.8.14',
silly resolved     _defaultsLoaded: true,
silly resolved     _from: 'canvas' } ]
info into D:\Project\NScreen2\src\koccalink\win\bin\node canvas@0.13.1
info installOne canvas@0.13.1
verbose from cache C:\Users\krinteki\AppData\Roaming\npm-cache\canvas\0.13.1\package\package.json
info unbuild D:\Project\NScreen2\src\koccalink\win\bin\node\node_modules\canvas
verbose mkdir (expected) error ENOENT, stat 'D:\Project\NScreen2\src\koccalink\win\bin\node\node_modules\canvas'
verbose mkdir done: D:\Project\NScreen2\src\koccalink\win\bin\node\node_modules\canvas 755
verbose unpack_ uid, gid [ undefined, undefined ]
verbose unpackTarget D:\Project\NScreen2\src\koccalink\win\bin\node\node_modules\canvas
silly gunzTarPerm modes [ '755', '644' ]
silly modified mode [ '.gitmodules', 438, 420 ]
silly modified mode [ '.npmignore', 438, 420 ]
silly modified mode [ '.travis.yml', 438, 420 ]
silly modified mode [ 'binding.gyp', 438, 420 ]
silly modified mode [ 'History.md', 438, 420 ]
silly modified mode [ 'index.js', 438, 420 ]
silly modified mode [ 'install', 438, 420 ]
silly modified mode [ 'lib/', 438, 493 ]
silly modified mode [ 'lib/bindings.js', 438, 420 ]
silly modified mode [ 'lib/canvas.js', 438, 420 ]
silly modified mode [ 'lib/context2d.js', 438, 420 ]
silly modified mode [ 'lib/image.js', 438, 420 ]
silly modified mode [ 'lib/jpegstream.js', 438, 420 ]
silly modified mode [ 'lib/pixelarray.js', 438, 420 ]
silly modified mode [ 'lib/pngstream.js', 438, 420 ]
silly modified mode [ 'Makefile', 438, 420 ]
silly modified mode [ 'out.pdf', 438, 420 ]
silly modified mode [ 'out.png', 438, 420 ]
silly modified mode [ 'package.json', 438, 420 ]
silly modified mode [ 'Readme.md', 438, 420 ]
silly modified mode [ 'src/', 438, 493 ]
silly modified mode [ 'src/Canvas.cc', 438, 420 ]
silly modified mode [ 'src/Canvas.h', 438, 420 ]
silly modified mode [ 'src/CanvasGradient.cc', 438, 420 ]
silly modified mode [ 'src/CanvasGradient.h', 438, 420 ]
silly modified mode [ 'src/CanvasPattern.cc', 438, 420 ]
silly modified mode [ 'src/CanvasPattern.h', 438, 420 ]
silly modified mode [ 'src/CanvasRenderingContext2d.cc', 438, 420 ]
silly modified mode [ 'src/CanvasRenderingContext2d.h', 438, 420 ]
silly modified mode [ 'src/closure.h', 438, 420 ]
silly modified mode [ 'src/color.cc', 438, 420 ]
silly modified mode [ 'src/color.h', 438, 420 ]
silly modified mode [ 'src/Image.cc', 438, 420 ]
silly modified mode [ 'src/Image.h', 438, 420 ]
silly modified mode [ 'src/ImageData.cc', 438, 420 ]
silly modified mode [ 'src/ImageData.h', 438, 420 ]
silly modified mode [ 'src/init.cc', 438, 420 ]
silly modified mode [ 'src/JPEGStream.h', 438, 420 ]
silly modified mode [ 'src/PixelArray.cc', 438, 420 ]
silly modified mode [ 'src/PixelArray.h', 438, 420 ]
silly modified mode [ 'src/Point.h', 438, 420 ]
silly modified mode [ 'util/', 438, 493 ]
silly modified mode [ 'util/has_lib.sh', 438, 420 ]
verbose gunzed D:\Project\NScreen2\src\koccalink\win\bin\node\node_modules\canvas
verbose has bindings.gyp [ undefined,
verbose has bindings.gyp   { file: 'D:\\Project\\NScreen2\\src\\koccalink\\win\\bin\\node\\node_modules\\canvas\\package.json',
verbose has bindings.gyp     contributors: false,
verbose has bindings.gyp     wscript: false,
verbose has bindings.gyp     serverjs: false,
verbose has bindings.gyp     gypfile: true } ]
verbose caching D:\Project\NScreen2\src\koccalink\win\bin\node\node_modules\canvas\package.json
verbose loadDefaults canvas@0.13.1
info preinstall canvas@0.13.1
verbose from cache D:\Project\NScreen2\src\koccalink\win\bin\node\node_modules\canvas\package.json
verbose readDependencies: using package.json deps
verbose from cache D:\Project\NScreen2\src\koccalink\win\bin\node\node_modules\canvas\package.json
verbose readDependencies: using package.json deps
silly resolved []
verbose about to build D:\Project\NScreen2\src\koccalink\win\bin\node\node_modules\canvas
info build D:\Project\NScreen2\src\koccalink\win\bin\node\node_modules\canvas
verbose from cache D:\Project\NScreen2\src\koccalink\win\bin\node\node_modules\canvas\package.json
verbose linkStuff [ false,
verbose linkStuff   false,
verbose linkStuff   false,
verbose linkStuff   'D:\\Project\\NScreen2\\src\\koccalink\\win\\bin\\node\\node_modules' ]
info linkStuff canvas@0.13.1
verbose linkBins canvas@0.13.1
verbose linkMans canvas@0.13.1
verbose rebuildBundles canvas@0.13.1
info install canvas@0.13.1
verbose unsafe-perm in lifecycle true
silly exec cmd "/c" "node-gyp rebuild"
silly spawning [ 'cmd',
silly spawning   [ '/c', 'node-gyp rebuild' ],
silly spawning   'D:\\Project\\NScreen2\\src\\koccalink\\win\\bin\\node\\node_modules\\canvas' ]
info canvas@0.13.1 Failed to exec install script
info unbuild D:\Project\NScreen2\src\koccalink\win\bin\node\node_modules\canvas
verbose from cache D:\Project\NScreen2\src\koccalink\win\bin\node\node_modules\canvas\package.json
info preuninstall canvas@0.13.1
info uninstall canvas@0.13.1
verbose unbuild canvas@0.13.1 [ true,
verbose unbuild canvas@0.13.1   'D:\\Project\\NScreen2\\src\\koccalink\\win\\bin\\node\\node_modules',
verbose unbuild canvas@0.13.1   'D:\\Project\\NScreen2\\src\\koccalink\\win\\bin\\node\\node_modules' ]
info postuninstall canvas@0.13.1
ERR! canvas@0.13.1 install: `node-gyp rebuild`
ERR! `cmd "/c" "node-gyp rebuild"` failed with 1
ERR! 
ERR! Failed at the canvas@0.13.1 install script.
ERR! This is most likely a problem with the canvas package,
ERR! not with npm itself.
ERR! Tell the author that this fails on your system:
ERR!     node-gyp rebuild
ERR! You can get their info via:
ERR!     npm owner ls canvas
ERR! There is likely additional logging output above.
ERR! 
ERR! System Windows_NT 6.1.7601
ERR! command "D:\\Project\\NScreen2\\src\\koccalink\\win\\bin\\node\\\\node.exe" "D:\\Project\\NScreen2\\src\\koccalink\\win\\bin\\node\\node_modules\\npm\\bin\\npm-cli.js" "install" "canvas"
ERR! cwd D:\Project\NScreen2\src\koccalink\win\bin\node
ERR! node -v v0.8.14
ERR! npm -v 1.1.9
ERR! code ELIFECYCLE
ERR! message canvas@0.13.1 install: `node-gyp rebuild`
ERR! message `cmd "/c" "node-gyp rebuild"` failed with 1
ERR! errno {}
verbose exit [ 1, true ]
